0 info it worked if it ends with ok
1 verbose cli [ 'c:\\Program Files\\nodejs\\node.exe',
1 verbose cli   'c:\\Program Files\\nodejs\\node_modules\\npm\\bin\\npm-cli.js',
1 verbose cli   'run',
1 verbose cli   'watch' ]
2 info using npm@3.3.12
3 info using node@v5.2.0
4 verbose run-script [ 'prewatch', 'watch', 'postwatch' ]
5 info lifecycle test4@1.0.0~prewatch: test4@1.0.0
6 silly lifecycle test4@1.0.0~prewatch: no script for prewatch, continuing
7 info lifecycle test4@1.0.0~watch: test4@1.0.0
8 verbose lifecycle test4@1.0.0~watch: unsafe-perm in lifecycle true
9 verbose lifecycle test4@1.0.0~watch: PATH: c:\Program Files\nodejs\node_modules\npm\bin\node-gyp-bin;D:\nginx\html\mine\test4\node_modules\.bin;c:\Users\Artem Svirskyi\bin;.;C:\Program Files (x86)\Git\local\bin;C:\Program Files (x86)\Git\mingw\bin;C:\Program Files (x86)\Git\bin;c:\Program Files\Java\jdk1.8.0_45;c:\ProgramData\Oracle\Java\javapath;c:\Program Files\NVIDIA Corporation\PhysX\Common;c:\Windows\system32;c:\Windows;c:\Windows\System32\Wbem;c:\Windows\System32\WindowsPowerShell\v1.0\;c:\Program Files\Git\cmd;c:\Program Files\GitExtensions\;c:\Program Files\QuickTime\QTSystem\;d:\ant\bin;c:\Python34;c:\Windows\system32\config\systemprofile\.dnx\bin;c:\Program Files\Microsoft DNX\Dnvm\;c:\Program Files\nodejs\;c:\Program Files\Skype\Phone\;d:\curl;d:\ant;c:\Users\Artem Svirskyi\AppData\Roaming\npm
10 verbose lifecycle test4@1.0.0~watch: CWD: D:\nginx\html\mine\test4
11 silly lifecycle test4@1.0.0~watch: Args: [ '/d /s /c', 'mocha test.js -w reporter=min' ]
12 silly lifecycle test4@1.0.0~watch: Returned: code: 1  signal: null
13 info lifecycle test4@1.0.0~watch: Failed to exec watch script
14 verbose stack Error: test4@1.0.0 watch: `mocha test.js -w reporter=min`
14 verbose stack Exit status 1
14 verbose stack     at EventEmitter.<anonymous> (c:\Program Files\nodejs\node_modules\npm\lib\utils\lifecycle.js:232:16)
14 verbose stack     at emitTwo (events.js:88:13)
14 verbose stack     at EventEmitter.emit (events.js:173:7)
14 verbose stack     at ChildProcess.<anonymous> (c:\Program Files\nodejs\node_modules\npm\lib\utils\spawn.js:24:14)
14 verbose stack     at emitTwo (events.js:88:13)
14 verbose stack     at ChildProcess.emit (events.js:173:7)
14 verbose stack     at maybeClose (internal/child_process.js:819:16)
14 verbose stack     at Process.ChildProcess._handle.onexit (internal/child_process.js:212:5)
15 verbose pkgid test4@1.0.0
16 verbose cwd D:\nginx\html\mine\test4
17 error Windows_NT 6.1.7601
18 error argv "c:\\Program Files\\nodejs\\node.exe" "c:\\Program Files\\nodejs\\node_modules\\npm\\bin\\npm-cli.js" "run" "watch"
19 error node v5.2.0
20 error npm  v3.3.12
21 error code ELIFECYCLE
22 error test4@1.0.0 watch: `mocha test.js -w reporter=min`
22 error Exit status 1
23 error Failed at the test4@1.0.0 watch script 'mocha test.js -w reporter=min'.
23 error Make sure you have the latest version of node.js and npm installed.
23 error If you do, this is most likely a problem with the test4 package,
23 error not with npm itself.
23 error Tell the author that this fails on your system:
23 error     mocha test.js -w reporter=min
23 error You can get their info via:
23 error     npm owner ls test4
23 error There is likely additional logging output above.
24 verbose exit [ 1, true ]
